<?xml version="1.0" encoding="UTF-8"?>
<!-- Generated by org.testng.reporters.JUnitReportReporter -->
<testsuite skipped="0" hostname="DESKTOP-NLCDS2B" name="mercury_Tours.Test_Cases" tests="2" failures="0" timestamp="04 Feb 2018 17:16:53 GMT" time="15.760" errors="0">
  <testcase name="login" time="15.508" classname="mercury_Tours.Test_Cases"/>
  <testcase name="validateCredentials" time="0.252" classname="mercury_Tours.Test_Cases"/>
</testsuite> <!-- mercury_Tours.Test_Cases -->
